0 info it worked if it ends with ok
1 verbose cli [ 'C:\\Program Files\\nodejs\\node.exe',
1 verbose cli   'C:\\Users\\pubmrodriguez\\AppData\\Roaming\\npm\\node_modules\\npm\\bin\\npm-cli.js',
1 verbose cli   'install',
1 verbose cli   '-g',
1 verbose cli   'angular-cli' ]
2 info using npm@3.10.8
3 info using node@v6.6.0
4 silly loadCurrentTree Starting
5 silly install loadCurrentTree
6 silly install readGlobalPackageData
7 silly fetchPackageMetaData angular-cli
8 silly fetchNamedPackageData angular-cli
9 silly mapToRegistry name angular-cli
10 silly mapToRegistry using default registry
11 silly mapToRegistry registry http://registry.npmjs.org/
12 silly mapToRegistry data Result {
12 silly mapToRegistry   raw: 'angular-cli',
12 silly mapToRegistry   scope: null,
12 silly mapToRegistry   escapedName: 'angular-cli',
12 silly mapToRegistry   name: 'angular-cli',
12 silly mapToRegistry   rawSpec: '',
12 silly mapToRegistry   spec: 'latest',
12 silly mapToRegistry   type: 'tag' }
13 silly mapToRegistry uri http://registry.npmjs.org/angular-cli
14 verbose request uri http://registry.npmjs.org/angular-cli
15 verbose request no auth needed
16 info attempt registry request try #1 at 15:17:40
17 verbose request id ac94853f15a85b71
18 verbose etag "E32H4RGOHHGASYAJLAGMZVPWN"
19 http request GET http://registry.npmjs.org/angular-cli
20 info retry will retry, error on last attempt: Error: connect ETIMEDOUT 192.168.100.24:8080
21 info attempt registry request try #2 at 15:18:11
22 verbose etag "E32H4RGOHHGASYAJLAGMZVPWN"
23 http request GET http://registry.npmjs.org/angular-cli
24 info retry will retry, error on last attempt: Error: connect ETIMEDOUT 192.168.100.24:8080
25 info attempt registry request try #3 at 15:19:32
26 verbose etag "E32H4RGOHHGASYAJLAGMZVPWN"
27 http request GET http://registry.npmjs.org/angular-cli
28 silly get cb [ 304, undefined ]
29 verbose etag http://registry.npmjs.org/angular-cli from cache
30 verbose get saving angular-cli to C:\Users\pubmrodriguez\AppData\Roaming\npm-cache\registry.npmjs.org\angular-cli\.cache.json
31 verbose correctMkdir C:\Users\pubmrodriguez\AppData\Roaming\npm-cache correctMkdir not in flight; initializing
32 silly install normalizeTree
33 silly loadCurrentTree Finishing
34 silly loadIdealTree Starting
35 silly install loadIdealTree
36 silly cloneCurrentTree Starting
37 silly install cloneCurrentTreeToIdealTree
38 silly cloneCurrentTree Finishing
39 silly loadShrinkwrap Starting
40 silly install loadShrinkwrap
41 silly loadShrinkwrap Finishing
42 silly loadAllDepsIntoIdealTree Starting
43 silly install loadAllDepsIntoIdealTree
44 silly resolveWithNewModule angular-cli@1.0.0-beta.16 checking installable status
45 silly cache add args [ 'angular-cli', null ]
46 verbose cache add spec angular-cli
47 silly cache add parsed spec Result {
47 silly cache add   raw: 'angular-cli',
47 silly cache add   scope: null,
47 silly cache add   escapedName: 'angular-cli',
47 silly cache add   name: 'angular-cli',
47 silly cache add   rawSpec: '',
47 silly cache add   spec: 'latest',
47 silly cache add   type: 'tag' }
48 silly addNamed angular-cli@latest
49 verbose addNamed "latest" is being treated as a dist-tag for angular-cli
50 info addNameTag [ 'angular-cli', 'latest' ]
51 silly mapToRegistry name angular-cli
52 silly mapToRegistry using default registry
53 silly mapToRegistry registry http://registry.npmjs.org/
54 silly mapToRegistry data Result {
54 silly mapToRegistry   raw: 'angular-cli',
54 silly mapToRegistry   scope: null,
54 silly mapToRegistry   escapedName: 'angular-cli',
54 silly mapToRegistry   name: 'angular-cli',
54 silly mapToRegistry   rawSpec: '',
54 silly mapToRegistry   spec: 'latest',
54 silly mapToRegistry   type: 'tag' }
55 silly mapToRegistry uri http://registry.npmjs.org/angular-cli
56 verbose addNameTag registry:http://registry.npmjs.org/angular-cli not in flight; fetching
57 verbose request uri http://registry.npmjs.org/angular-cli
58 verbose request no auth needed
59 info attempt registry request try #1 at 15:20:16
60 verbose etag "E32H4RGOHHGASYAJLAGMZVPWN"
61 http request GET http://registry.npmjs.org/angular-cli
62 info retry will retry, error on last attempt: Error: connect ETIMEDOUT 192.168.100.24:8080
63 info attempt registry request try #2 at 15:20:47
64 verbose etag "E32H4RGOHHGASYAJLAGMZVPWN"
65 http request GET http://registry.npmjs.org/angular-cli
66 info retry will retry, error on last attempt: Error: connect ETIMEDOUT 192.168.100.24:8080
67 info attempt registry request try #3 at 15:22:08
68 verbose etag "E32H4RGOHHGASYAJLAGMZVPWN"
69 http request GET http://registry.npmjs.org/angular-cli
70 silly get cb [ 304, undefined ]
71 verbose etag http://registry.npmjs.org/angular-cli from cache
72 verbose get saving angular-cli to C:\Users\pubmrodriguez\AppData\Roaming\npm-cache\registry.npmjs.org\angular-cli\.cache.json
73 verbose correctMkdir C:\Users\pubmrodriguez\AppData\Roaming\npm-cache correctMkdir not in flight; initializing
74 silly addNameTag next cb for angular-cli with tag latest
75 silly addNamed angular-cli@1.0.0-beta.16
76 verbose addNamed "1.0.0-beta.16" is a plain semver version for angular-cli
77 silly mapToRegistry name angular-cli
78 silly mapToRegistry using default registry
79 silly mapToRegistry registry http://registry.npmjs.org/
80 silly mapToRegistry data Result {
80 silly mapToRegistry   raw: 'angular-cli',
80 silly mapToRegistry   scope: null,
80 silly mapToRegistry   escapedName: 'angular-cli',
80 silly mapToRegistry   name: 'angular-cli',
80 silly mapToRegistry   rawSpec: '',
80 silly mapToRegistry   spec: 'latest',
80 silly mapToRegistry   type: 'tag' }
81 silly mapToRegistry uri http://registry.npmjs.org/angular-cli
82 verbose addRemoteTarball http://registry.npmjs.org/angular-cli/-/angular-cli-1.0.0-beta.16.tgz not in flight; adding
83 verbose addRemoteTarball [ 'http://registry.npmjs.org/angular-cli/-/angular-cli-1.0.0-beta.16.tgz',
83 verbose addRemoteTarball   '473245cfa9dc4466dd9a40f2363f27b3935f644a' ]
84 info retry fetch attempt 1 at 15:22:29
85 info attempt registry request try #1 at 15:22:29
86 http fetch GET http://registry.npmjs.org/angular-cli/-/angular-cli-1.0.0-beta.16.tgz
87 info retry will retry, error on last attempt: Error: connect ETIMEDOUT 192.168.100.24:8080
88 info attempt registry request try #2 at 15:23:00
89 http fetch GET http://registry.npmjs.org/angular-cli/-/angular-cli-1.0.0-beta.16.tgz
90 info retry will retry, error on last attempt: Error: connect ETIMEDOUT 192.168.100.24:8080
91 info attempt registry request try #3 at 15:24:21
92 http fetch GET http://registry.npmjs.org/angular-cli/-/angular-cli-1.0.0-beta.16.tgz
93 error fetch failed http://registry.npmjs.org/angular-cli/-/angular-cli-1.0.0-beta.16.tgz
94 warn retry will retry, error on last attempt: Error: connect ETIMEDOUT 192.168.100.24:8080
95 info retry fetch attempt 2 at 15:24:52
96 info attempt registry request try #1 at 15:24:52
97 http fetch GET http://registry.npmjs.org/angular-cli/-/angular-cli-1.0.0-beta.16.tgz
98 info retry will retry, error on last attempt: Error: connect ETIMEDOUT 192.168.100.24:8080
99 info attempt registry request try #2 at 15:25:23
100 http fetch GET http://registry.npmjs.org/angular-cli/-/angular-cli-1.0.0-beta.16.tgz
101 info retry will retry, error on last attempt: Error: connect ETIMEDOUT 192.168.100.24:8080
102 info attempt registry request try #3 at 15:26:44
103 http fetch GET http://registry.npmjs.org/angular-cli/-/angular-cli-1.0.0-beta.16.tgz
104 error fetch failed http://registry.npmjs.org/angular-cli/-/angular-cli-1.0.0-beta.16.tgz
105 warn retry will retry, error on last attempt: Error: connect ETIMEDOUT 192.168.100.24:8080
106 info retry fetch attempt 3 at 15:28:05
107 info attempt registry request try #1 at 15:28:05
108 http fetch GET http://registry.npmjs.org/angular-cli/-/angular-cli-1.0.0-beta.16.tgz
109 info retry will retry, error on last attempt: Error: connect ETIMEDOUT 192.168.100.24:8080
110 info attempt registry request try #2 at 15:28:36
111 http fetch GET http://registry.npmjs.org/angular-cli/-/angular-cli-1.0.0-beta.16.tgz
112 info retry will retry, error on last attempt: Error: connect ETIMEDOUT 192.168.100.24:8080
113 info attempt registry request try #3 at 15:29:57
114 http fetch GET http://registry.npmjs.org/angular-cli/-/angular-cli-1.0.0-beta.16.tgz
115 error fetch failed http://registry.npmjs.org/angular-cli/-/angular-cli-1.0.0-beta.16.tgz
116 silly rollbackFailedOptional Starting
117 silly rollbackFailedOptional Finishing
118 silly runTopLevelLifecycles Finishing
119 silly install printInstalled
120 verbose stack Error: connect ETIMEDOUT 192.168.100.24:8080
120 verbose stack     at Object.exports._errnoException (util.js:1036:11)
120 verbose stack     at exports._exceptionWithHostPort (util.js:1059:20)
120 verbose stack     at TCPConnectWrap.afterConnect [as oncomplete] (net.js:1080:14)
121 verbose cwd C:\Users\pubmrodriguez\Documents\Sitios\drSimi - web
122 error Windows_NT 10.0.10586
123 error argv "C:\\Program Files\\nodejs\\node.exe" "C:\\Users\\pubmrodriguez\\AppData\\Roaming\\npm\\node_modules\\npm\\bin\\npm-cli.js" "install" "-g" "angular-cli"
124 error node v6.6.0
125 error npm  v3.10.8
126 error code ETIMEDOUT
127 error errno ETIMEDOUT
128 error syscall connect
129 error network connect ETIMEDOUT 192.168.100.24:8080
130 error network This is most likely not a problem with npm itself
130 error network and is related to network connectivity.
130 error network In most cases you are behind a proxy or have bad network settings.
130 error network
130 error network If you are behind a proxy, please make sure that the
130 error network 'proxy' config is set properly.  See: 'npm help config'
131 verbose exit [ 1, true ]
